running develop
running egg_info
creating aimee_skill_manager.egg-info
writing aimee_skill_manager.egg-info/PKG-INFO
writing dependency_links to aimee_skill_manager.egg-info/dependency_links.txt
writing entry points to aimee_skill_manager.egg-info/entry_points.txt
writing requirements to aimee_skill_manager.egg-info/requires.txt
writing top-level names to aimee_skill_manager.egg-info/top_level.txt
writing manifest file 'aimee_skill_manager.egg-info/SOURCES.txt'
reading manifest file 'aimee_skill_manager.egg-info/SOURCES.txt'
writing manifest file 'aimee_skill_manager.egg-info/SOURCES.txt'
running build_ext
Creating /workspace/install/aimee_skill_manager/lib/python3.10/site-packages/aimee-skill-manager.egg-link (link to .)
Installing skill_manager_node script to /workspace/install/aimee_skill_manager/lib/aimee_skill_manager

Installed /workspace/build/aimee_skill_manager
running symlink_data
creating /workspace/install/aimee_skill_manager/share/ament_index
creating /workspace/install/aimee_skill_manager/share/ament_index/resource_index
creating /workspace/install/aimee_skill_manager/share/ament_index/resource_index/packages
symbolically linking /workspace/build/aimee_skill_manager/resource/aimee_skill_manager -> /workspace/install/aimee_skill_manager/share/ament_index/resource_index/packages
symbolically linking /workspace/build/aimee_skill_manager/package.xml -> /workspace/install/aimee_skill_manager/share/aimee_skill_manager
creating /workspace/install/aimee_skill_manager/share/aimee_skill_manager/config
symbolically linking /workspace/build/aimee_skill_manager/config/brick_config.yaml -> /workspace/install/aimee_skill_manager/share/aimee_skill_manager/config
