[10.945s] Invoking command in '/workspace/build/aimee_skill_manager': AMENT_PREFIX_PATH=/workspace/install/aimee_msgs:${AMENT_PREFIX_PATH} CMAKE_PREFIX_PATH=/workspace/install/aimee_msgs LD_LIBRARY_PATH=/workspace/install/aimee_msgs/lib:${LD_LIBRARY_PATH} PYTHONPATH=/workspace/build/aimee_skill_manager/prefix_override:/usr/lib/python3/dist-packages/colcon_core/task/python/colcon_distutils_commands:/workspace/install/aimee_skill_manager/lib/python3.10/site-packages:/workspace/install/aimee_msgs/local/lib/python3.10/dist-packages:${PYTHONPATH} /usr/bin/python3 -W ignore:setup.py install is deprecated -W ignore:easy_install command is deprecated setup.py develop --editable --build-directory /workspace/build/aimee_skill_manager/build --no-deps symlink_data
[13.035s] running develop
[14.356s] running egg_info
[14.361s] creating aimee_skill_manager.egg-info
[14.363s] writing aimee_skill_manager.egg-info/PKG-INFO
[14.374s] writing dependency_links to aimee_skill_manager.egg-info/dependency_links.txt
[14.375s] writing entry points to aimee_skill_manager.egg-info/entry_points.txt
[14.376s] writing requirements to aimee_skill_manager.egg-info/requires.txt
[14.386s] writing top-level names to aimee_skill_manager.egg-info/top_level.txt
[14.393s] writing manifest file 'aimee_skill_manager.egg-info/SOURCES.txt'
[14.412s] reading manifest file 'aimee_skill_manager.egg-info/SOURCES.txt'
[14.424s] writing manifest file 'aimee_skill_manager.egg-info/SOURCES.txt'
[14.436s] running build_ext
[14.446s] Creating /workspace/install/aimee_skill_manager/lib/python3.10/site-packages/aimee-skill-manager.egg-link (link to .)
[14.477s] Installing skill_manager_node script to /workspace/install/aimee_skill_manager/lib/aimee_skill_manager
[14.478s] 
[14.479s] Installed /workspace/build/aimee_skill_manager
[14.493s] running symlink_data
[14.495s] creating /workspace/install/aimee_skill_manager/share/ament_index
[14.496s] creating /workspace/install/aimee_skill_manager/share/ament_index/resource_index
[14.501s] creating /workspace/install/aimee_skill_manager/share/ament_index/resource_index/packages
[14.502s] symbolically linking /workspace/build/aimee_skill_manager/resource/aimee_skill_manager -> /workspace/install/aimee_skill_manager/share/ament_index/resource_index/packages
[14.503s] symbolically linking /workspace/build/aimee_skill_manager/package.xml -> /workspace/install/aimee_skill_manager/share/aimee_skill_manager
[14.525s] creating /workspace/install/aimee_skill_manager/share/aimee_skill_manager/config
[14.526s] symbolically linking /workspace/build/aimee_skill_manager/config/brick_config.yaml -> /workspace/install/aimee_skill_manager/share/aimee_skill_manager/config
[15.010s] Invoked command in '/workspace/build/aimee_skill_manager' returned '0': AMENT_PREFIX_PATH=/workspace/install/aimee_msgs:${AMENT_PREFIX_PATH} CMAKE_PREFIX_PATH=/workspace/install/aimee_msgs LD_LIBRARY_PATH=/workspace/install/aimee_msgs/lib:${LD_LIBRARY_PATH} PYTHONPATH=/workspace/build/aimee_skill_manager/prefix_override:/usr/lib/python3/dist-packages/colcon_core/task/python/colcon_distutils_commands:/workspace/install/aimee_skill_manager/lib/python3.10/site-packages:/workspace/install/aimee_msgs/local/lib/python3.10/dist-packages:${PYTHONPATH} /usr/bin/python3 -W ignore:setup.py install is deprecated -W ignore:easy_install command is deprecated setup.py develop --editable --build-directory /workspace/build/aimee_skill_manager/build --no-deps symlink_data
