[4.398s] Invoking command in '/workspace/build/aimee_tts': PYTHONPATH=/workspace/build/aimee_tts/prefix_override:/usr/lib/python3/dist-packages/colcon_core/task/python/colcon_distutils_commands:/workspace/install/aimee_tts/lib/python3.10/site-packages:${PYTHONPATH} /usr/bin/python3 -W ignore:setup.py install is deprecated -W ignore:easy_install command is deprecated setup.py develop --editable --build-directory /workspace/build/aimee_tts/build --no-deps symlink_data
[6.084s] running develop
[6.967s] running egg_info
[6.968s] creating aimee_tts.egg-info
[6.970s] writing aimee_tts.egg-info/PKG-INFO
[6.973s] writing dependency_links to aimee_tts.egg-info/dependency_links.txt
[6.975s] writing entry points to aimee_tts.egg-info/entry_points.txt
[6.976s] writing requirements to aimee_tts.egg-info/requires.txt
[6.977s] writing top-level names to aimee_tts.egg-info/top_level.txt
[6.977s] writing manifest file 'aimee_tts.egg-info/SOURCES.txt'
[6.987s] reading manifest file 'aimee_tts.egg-info/SOURCES.txt'
[6.991s] writing manifest file 'aimee_tts.egg-info/SOURCES.txt'
[7.004s] running build_ext
[7.005s] Creating /workspace/install/aimee_tts/lib/python3.10/site-packages/aimee-tts.egg-link (link to .)
[7.014s] Installing tts_node script to /workspace/install/aimee_tts/lib/aimee_tts
[7.017s] 
[7.019s] Installed /workspace/build/aimee_tts
[7.020s] running symlink_data
[7.021s] creating /workspace/install/aimee_tts/share/ament_index
[7.023s] creating /workspace/install/aimee_tts/share/ament_index/resource_index
[7.024s] creating /workspace/install/aimee_tts/share/ament_index/resource_index/packages
[7.025s] symbolically linking /workspace/build/aimee_tts/resource/aimee_tts -> /workspace/install/aimee_tts/share/ament_index/resource_index/packages
[7.026s] symbolically linking /workspace/build/aimee_tts/package.xml -> /workspace/install/aimee_tts/share/aimee_tts
[7.027s] creating /workspace/install/aimee_tts/share/aimee_tts/config
[7.028s] symbolically linking /workspace/build/aimee_tts/config/brick_config.yaml -> /workspace/install/aimee_tts/share/aimee_tts/config
[7.323s] Invoked command in '/workspace/build/aimee_tts' returned '0': PYTHONPATH=/workspace/build/aimee_tts/prefix_override:/usr/lib/python3/dist-packages/colcon_core/task/python/colcon_distutils_commands:/workspace/install/aimee_tts/lib/python3.10/site-packages:${PYTHONPATH} /usr/bin/python3 -W ignore:setup.py install is deprecated -W ignore:easy_install command is deprecated setup.py develop --editable --build-directory /workspace/build/aimee_tts/build --no-deps symlink_data
