running develop
running egg_info
creating aimee_voice_manager.egg-info
writing aimee_voice_manager.egg-info/PKG-INFO
writing dependency_links to aimee_voice_manager.egg-info/dependency_links.txt
writing entry points to aimee_voice_manager.egg-info/entry_points.txt
writing requirements to aimee_voice_manager.egg-info/requires.txt
writing top-level names to aimee_voice_manager.egg-info/top_level.txt
writing manifest file 'aimee_voice_manager.egg-info/SOURCES.txt'
reading manifest file 'aimee_voice_manager.egg-info/SOURCES.txt'
writing manifest file 'aimee_voice_manager.egg-info/SOURCES.txt'
running build_ext
Creating /workspace/install/aimee_voice_manager/lib/python3.10/site-packages/aimee-voice-manager.egg-link (link to .)
Installing voice_manager_node script to /workspace/install/aimee_voice_manager/lib/aimee_voice_manager

Installed /workspace/build/aimee_voice_manager
running symlink_data
creating /workspace/install/aimee_voice_manager/share/ament_index
creating /workspace/install/aimee_voice_manager/share/ament_index/resource_index
creating /workspace/install/aimee_voice_manager/share/ament_index/resource_index/packages
symbolically linking /workspace/build/aimee_voice_manager/resource/aimee_voice_manager -> /workspace/install/aimee_voice_manager/share/ament_index/resource_index/packages
symbolically linking /workspace/build/aimee_voice_manager/package.xml -> /workspace/install/aimee_voice_manager/share/aimee_voice_manager
creating /workspace/install/aimee_voice_manager/share/aimee_voice_manager/config
symbolically linking /workspace/build/aimee_voice_manager/config/brick_config.yaml -> /workspace/install/aimee_voice_manager/share/aimee_voice_manager/config
