running develop
running egg_info
creating aimee_intent_router.egg-info
writing aimee_intent_router.egg-info/PKG-INFO
writing dependency_links to aimee_intent_router.egg-info/dependency_links.txt
writing entry points to aimee_intent_router.egg-info/entry_points.txt
writing requirements to aimee_intent_router.egg-info/requires.txt
writing top-level names to aimee_intent_router.egg-info/top_level.txt
writing manifest file 'aimee_intent_router.egg-info/SOURCES.txt'
reading manifest file 'aimee_intent_router.egg-info/SOURCES.txt'
writing manifest file 'aimee_intent_router.egg-info/SOURCES.txt'
running build_ext
Creating /workspace/install/aimee_intent_router/lib/python3.10/site-packages/aimee-intent-router.egg-link (link to .)
Installing intent_router_node script to /workspace/install/aimee_intent_router/lib/aimee_intent_router

Installed /workspace/build/aimee_intent_router
running symlink_data
creating /workspace/install/aimee_intent_router/share/ament_index
creating /workspace/install/aimee_intent_router/share/ament_index/resource_index
creating /workspace/install/aimee_intent_router/share/ament_index/resource_index/packages
symbolically linking /workspace/build/aimee_intent_router/resource/aimee_intent_router -> /workspace/install/aimee_intent_router/share/ament_index/resource_index/packages
symbolically linking /workspace/build/aimee_intent_router/package.xml -> /workspace/install/aimee_intent_router/share/aimee_intent_router
creating /workspace/install/aimee_intent_router/share/aimee_intent_router/config
symbolically linking /workspace/build/aimee_intent_router/config/brick_config.yaml -> /workspace/install/aimee_intent_router/share/aimee_intent_router/config
