[11.027s] Invoking command in '/workspace/build/aimee_intent_router': AMENT_PREFIX_PATH=/workspace/install/aimee_msgs:${AMENT_PREFIX_PATH} CMAKE_PREFIX_PATH=/workspace/install/aimee_msgs LD_LIBRARY_PATH=/workspace/install/aimee_msgs/lib:${LD_LIBRARY_PATH} PYTHONPATH=/workspace/build/aimee_intent_router/prefix_override:/usr/lib/python3/dist-packages/colcon_core/task/python/colcon_distutils_commands:/workspace/install/aimee_intent_router/lib/python3.10/site-packages:/workspace/install/aimee_msgs/local/lib/python3.10/dist-packages:${PYTHONPATH} /usr/bin/python3 -W ignore:setup.py install is deprecated -W ignore:easy_install command is deprecated setup.py develop --editable --build-directory /workspace/build/aimee_intent_router/build --no-deps symlink_data
[13.205s] running develop
[14.456s] running egg_info
[14.456s] creating aimee_intent_router.egg-info
[14.459s] writing aimee_intent_router.egg-info/PKG-INFO
[14.459s] writing dependency_links to aimee_intent_router.egg-info/dependency_links.txt
[14.463s] writing entry points to aimee_intent_router.egg-info/entry_points.txt
[14.464s] writing requirements to aimee_intent_router.egg-info/requires.txt
[14.465s] writing top-level names to aimee_intent_router.egg-info/top_level.txt
[14.472s] writing manifest file 'aimee_intent_router.egg-info/SOURCES.txt'
[14.490s] reading manifest file 'aimee_intent_router.egg-info/SOURCES.txt'
[14.508s] writing manifest file 'aimee_intent_router.egg-info/SOURCES.txt'
[14.537s] running build_ext
[14.538s] Creating /workspace/install/aimee_intent_router/lib/python3.10/site-packages/aimee-intent-router.egg-link (link to .)
[14.556s] Installing intent_router_node script to /workspace/install/aimee_intent_router/lib/aimee_intent_router
[14.565s] 
[14.566s] Installed /workspace/build/aimee_intent_router
[14.571s] running symlink_data
[14.572s] creating /workspace/install/aimee_intent_router/share/ament_index
[14.573s] creating /workspace/install/aimee_intent_router/share/ament_index/resource_index
[14.574s] creating /workspace/install/aimee_intent_router/share/ament_index/resource_index/packages
[14.579s] symbolically linking /workspace/build/aimee_intent_router/resource/aimee_intent_router -> /workspace/install/aimee_intent_router/share/ament_index/resource_index/packages
[14.580s] symbolically linking /workspace/build/aimee_intent_router/package.xml -> /workspace/install/aimee_intent_router/share/aimee_intent_router
[14.581s] creating /workspace/install/aimee_intent_router/share/aimee_intent_router/config
[14.582s] symbolically linking /workspace/build/aimee_intent_router/config/brick_config.yaml -> /workspace/install/aimee_intent_router/share/aimee_intent_router/config
[14.939s] Invoked command in '/workspace/build/aimee_intent_router' returned '0': AMENT_PREFIX_PATH=/workspace/install/aimee_msgs:${AMENT_PREFIX_PATH} CMAKE_PREFIX_PATH=/workspace/install/aimee_msgs LD_LIBRARY_PATH=/workspace/install/aimee_msgs/lib:${LD_LIBRARY_PATH} PYTHONPATH=/workspace/build/aimee_intent_router/prefix_override:/usr/lib/python3/dist-packages/colcon_core/task/python/colcon_distutils_commands:/workspace/install/aimee_intent_router/lib/python3.10/site-packages:/workspace/install/aimee_msgs/local/lib/python3.10/dist-packages:${PYTHONPATH} /usr/bin/python3 -W ignore:setup.py install is deprecated -W ignore:easy_install command is deprecated setup.py develop --editable --build-directory /workspace/build/aimee_intent_router/build --no-deps symlink_data
