running develop
running egg_info
creating aimee_wake_word_ei.egg-info
writing aimee_wake_word_ei.egg-info/PKG-INFO
writing dependency_links to aimee_wake_word_ei.egg-info/dependency_links.txt
writing entry points to aimee_wake_word_ei.egg-info/entry_points.txt
writing requirements to aimee_wake_word_ei.egg-info/requires.txt
writing top-level names to aimee_wake_word_ei.egg-info/top_level.txt
writing manifest file 'aimee_wake_word_ei.egg-info/SOURCES.txt'
reading manifest file 'aimee_wake_word_ei.egg-info/SOURCES.txt'
writing manifest file 'aimee_wake_word_ei.egg-info/SOURCES.txt'
running build_ext
Creating /workspace/install/aimee_wake_word_ei/lib/python3.10/site-packages/aimee-wake-word-ei.egg-link (link to .)
Installing wake_word_ei_node script to /workspace/install/aimee_wake_word_ei/lib/aimee_wake_word_ei

Installed /workspace/build/aimee_wake_word_ei
running symlink_data
creating /workspace/install/aimee_wake_word_ei/share/ament_index
creating /workspace/install/aimee_wake_word_ei/share/ament_index/resource_index
creating /workspace/install/aimee_wake_word_ei/share/ament_index/resource_index/packages
symbolically linking /workspace/build/aimee_wake_word_ei/resource/aimee_wake_word_ei -> /workspace/install/aimee_wake_word_ei/share/ament_index/resource_index/packages
symbolically linking /workspace/build/aimee_wake_word_ei/package.xml -> /workspace/install/aimee_wake_word_ei/share/aimee_wake_word_ei
creating /workspace/install/aimee_wake_word_ei/share/aimee_wake_word_ei/config
symbolically linking /workspace/build/aimee_wake_word_ei/config/brick_config.yaml -> /workspace/install/aimee_wake_word_ei/share/aimee_wake_word_ei/config
