[5.903s] Invoking command in '/workspace/build/aimee_wake_word_ei': AMENT_PREFIX_PATH=/workspace/install/aimee_msgs:${AMENT_PREFIX_PATH} CMAKE_PREFIX_PATH=/workspace/install/aimee_msgs LD_LIBRARY_PATH=/workspace/install/aimee_msgs/lib:${LD_LIBRARY_PATH} PYTHONPATH=/workspace/build/aimee_wake_word_ei/prefix_override:/usr/lib/python3/dist-packages/colcon_core/task/python/colcon_distutils_commands:/workspace/install/aimee_wake_word_ei/lib/python3.10/site-packages:/workspace/install/aimee_msgs/local/lib/python3.10/dist-packages:${PYTHONPATH} /usr/bin/python3 -W ignore:setup.py install is deprecated -W ignore:easy_install command is deprecated setup.py develop --editable --build-directory /workspace/build/aimee_wake_word_ei/build --no-deps symlink_data
[7.787s] running develop
[8.978s] running egg_info
[8.983s] creating aimee_wake_word_ei.egg-info
[8.986s] writing aimee_wake_word_ei.egg-info/PKG-INFO
[8.987s] writing dependency_links to aimee_wake_word_ei.egg-info/dependency_links.txt
[8.988s] writing entry points to aimee_wake_word_ei.egg-info/entry_points.txt
[8.989s] writing requirements to aimee_wake_word_ei.egg-info/requires.txt
[8.990s] writing top-level names to aimee_wake_word_ei.egg-info/top_level.txt
[8.991s] writing manifest file 'aimee_wake_word_ei.egg-info/SOURCES.txt'
[8.999s] reading manifest file 'aimee_wake_word_ei.egg-info/SOURCES.txt'
[9.007s] writing manifest file 'aimee_wake_word_ei.egg-info/SOURCES.txt'
[9.020s] running build_ext
[9.022s] Creating /workspace/install/aimee_wake_word_ei/lib/python3.10/site-packages/aimee-wake-word-ei.egg-link (link to .)
[9.039s] Installing wake_word_ei_node script to /workspace/install/aimee_wake_word_ei/lib/aimee_wake_word_ei
[9.040s] 
[9.041s] Installed /workspace/build/aimee_wake_word_ei
[9.042s] running symlink_data
[9.050s] creating /workspace/install/aimee_wake_word_ei/share/ament_index
[9.051s] creating /workspace/install/aimee_wake_word_ei/share/ament_index/resource_index
[9.052s] creating /workspace/install/aimee_wake_word_ei/share/ament_index/resource_index/packages
[9.053s] symbolically linking /workspace/build/aimee_wake_word_ei/resource/aimee_wake_word_ei -> /workspace/install/aimee_wake_word_ei/share/ament_index/resource_index/packages
[9.055s] symbolically linking /workspace/build/aimee_wake_word_ei/package.xml -> /workspace/install/aimee_wake_word_ei/share/aimee_wake_word_ei
[9.058s] creating /workspace/install/aimee_wake_word_ei/share/aimee_wake_word_ei/config
[9.060s] symbolically linking /workspace/build/aimee_wake_word_ei/config/brick_config.yaml -> /workspace/install/aimee_wake_word_ei/share/aimee_wake_word_ei/config
[9.348s] Invoked command in '/workspace/build/aimee_wake_word_ei' returned '0': AMENT_PREFIX_PATH=/workspace/install/aimee_msgs:${AMENT_PREFIX_PATH} CMAKE_PREFIX_PATH=/workspace/install/aimee_msgs LD_LIBRARY_PATH=/workspace/install/aimee_msgs/lib:${LD_LIBRARY_PATH} PYTHONPATH=/workspace/build/aimee_wake_word_ei/prefix_override:/usr/lib/python3/dist-packages/colcon_core/task/python/colcon_distutils_commands:/workspace/install/aimee_wake_word_ei/lib/python3.10/site-packages:/workspace/install/aimee_msgs/local/lib/python3.10/dist-packages:${PYTHONPATH} /usr/bin/python3 -W ignore:setup.py install is deprecated -W ignore:easy_install command is deprecated setup.py develop --editable --build-directory /workspace/build/aimee_wake_word_ei/build --no-deps symlink_data
