[6.704s] Invoking command in '/workspace/build/aimee_tts': PYTHONPATH=/workspace/build/aimee_tts/prefix_override:/usr/lib/python3/dist-packages/colcon_core/task/python/colcon_distutils_commands:/workspace/install/aimee_tts/lib/python3.10/site-packages:${PYTHONPATH} /usr/bin/python3 -W ignore:setup.py install is deprecated -W ignore:easy_install command is deprecated setup.py develop --editable --build-directory /workspace/build/aimee_tts/build --no-deps symlink_data
[9.015s] running develop
[10.219s] running egg_info
[10.221s] creating aimee_tts.egg-info
[10.224s] writing aimee_tts.egg-info/PKG-INFO
[10.227s] writing dependency_links to aimee_tts.egg-info/dependency_links.txt
[10.227s] writing entry points to aimee_tts.egg-info/entry_points.txt
[10.228s] writing requirements to aimee_tts.egg-info/requires.txt
[10.230s] writing top-level names to aimee_tts.egg-info/top_level.txt
[10.231s] writing manifest file 'aimee_tts.egg-info/SOURCES.txt'
[10.242s] reading manifest file 'aimee_tts.egg-info/SOURCES.txt'
[10.247s] writing manifest file 'aimee_tts.egg-info/SOURCES.txt'
[10.263s] running build_ext
[10.265s] Creating /workspace/install/aimee_tts/lib/python3.10/site-packages/aimee-tts.egg-link (link to .)
[10.280s] Installing tts_node script to /workspace/install/aimee_tts/lib/aimee_tts
[10.280s] 
[10.284s] Installed /workspace/build/aimee_tts
[10.285s] running symlink_data
[10.286s] creating /workspace/install/aimee_tts/share/ament_index
[10.287s] creating /workspace/install/aimee_tts/share/ament_index/resource_index
[10.288s] creating /workspace/install/aimee_tts/share/ament_index/resource_index/packages
[10.289s] symbolically linking /workspace/build/aimee_tts/resource/aimee_tts -> /workspace/install/aimee_tts/share/ament_index/resource_index/packages
[10.290s] symbolically linking /workspace/build/aimee_tts/package.xml -> /workspace/install/aimee_tts/share/aimee_tts
[10.291s] creating /workspace/install/aimee_tts/share/aimee_tts/config
[10.291s] symbolically linking /workspace/build/aimee_tts/config/brick_config.yaml -> /workspace/install/aimee_tts/share/aimee_tts/config
[10.619s] Invoked command in '/workspace/build/aimee_tts' returned '0': PYTHONPATH=/workspace/build/aimee_tts/prefix_override:/usr/lib/python3/dist-packages/colcon_core/task/python/colcon_distutils_commands:/workspace/install/aimee_tts/lib/python3.10/site-packages:${PYTHONPATH} /usr/bin/python3 -W ignore:setup.py install is deprecated -W ignore:easy_install command is deprecated setup.py develop --editable --build-directory /workspace/build/aimee_tts/build --no-deps symlink_data
