[0.097s] Invoking command in '/workspace/build/aimee_msgs': CMAKE_PREFIX_PATH=/opt/ros/humble /usr/bin/cmake /workspace/src/aimee_msgs -DAMENT_CMAKE_SYMLINK_INSTALL=1 -DCMAKE_INSTALL_PREFIX=/workspace/install/aimee_msgs
[0.633s] -- The C compiler identification is GNU 11.4.0
[1.022s] -- The CXX compiler identification is GNU 11.4.0
[1.077s] -- Detecting C compiler ABI info
[1.535s] -- Detecting C compiler ABI info - done
[1.577s] -- Check for working C compiler: /usr/bin/cc - skipped
[1.580s] -- Detecting C compile features
[1.583s] -- Detecting C compile features - done
[1.606s] -- Detecting CXX compiler ABI info
[2.091s] -- Detecting CXX compiler ABI info - done
[2.142s] -- Check for working CXX compiler: /usr/bin/c++ - skipped
[2.146s] -- Detecting CXX compile features
[2.150s] -- Detecting CXX compile features - done
[2.169s] -- Found ament_cmake: 1.3.14 (/opt/ros/humble/share/ament_cmake/cmake)
[3.116s] -- Found Python3: /usr/bin/python3 (found version "3.10.12") found components: Interpreter 
[3.653s] -- Override CMake install command with custom implementation using symlinks instead of copying resources
[3.808s] -- Found rosidl_default_generators: 1.2.1 (/opt/ros/humble/share/rosidl_default_generators/cmake)
[3.827s] -- Using all available rosidl_typesupport_c: rosidl_typesupport_fastrtps_c;rosidl_typesupport_introspection_c
[3.863s] -- Found rosidl_adapter: 3.1.8 (/opt/ros/humble/share/rosidl_adapter/cmake)
[4.112s] -- Using all available rosidl_typesupport_cpp: rosidl_typesupport_fastrtps_cpp;rosidl_typesupport_introspection_cpp
[4.371s] -- Found builtin_interfaces: 1.2.2 (/opt/ros/humble/share/builtin_interfaces/cmake)
[4.475s] -- Found std_msgs: 4.9.1 (/opt/ros/humble/share/std_msgs/cmake)
[4.596s] -- Found geometry_msgs: 4.9.1 (/opt/ros/humble/share/geometry_msgs/cmake)
[4.721s] -- Found sensor_msgs: 4.9.1 (/opt/ros/humble/share/sensor_msgs/cmake)
[4.890s] -- Found nav_msgs: 4.9.1 (/opt/ros/humble/share/nav_msgs/cmake)
[5.045s] -- Found action_msgs: 1.2.2 (/opt/ros/humble/share/action_msgs/cmake)
[6.468s] [31mCMake Error at /opt/ros/humble/share/rosidl_adapter/cmake/rosidl_adapt_interfaces.cmake:59 (message):
[6.469s]   execute_process(/usr/bin/python3 -m rosidl_adapter --package-name
[6.470s]   aimee_msgs --arguments-file
[6.471s]   /workspace/build/aimee_msgs/rosidl_adapter__arguments__aimee_msgs.json
[6.472s]   --output-dir /workspace/build/aimee_msgs/rosidl_adapter/aimee_msgs
[6.472s]   --output-file /workspace/build/aimee_msgs/rosidl_adapter/aimee_msgs.idls)
[6.473s]   returned error code 1:
[6.474s] 
[6.475s]   KeyError processing template 'struct.idl.em': 'duration'
[6.476s] 
[6.477s] Call Stack (most recent call first):
[6.477s]   /opt/ros/humble/share/rosidl_cmake/cmake/rosidl_generate_interfaces.cmake:130 (rosidl_adapt_interfaces)
[6.478s]   CMakeLists.txt:40 (rosidl_generate_interfaces)
[6.479s] 
[6.480s] [0m
[6.481s] -- Configuring incomplete, errors occurred!
[6.481s] See also "/workspace/build/aimee_msgs/CMakeFiles/CMakeOutput.log".
[6.526s] Invoked command in '/workspace/build/aimee_msgs' returned '1': CMAKE_PREFIX_PATH=/opt/ros/humble /usr/bin/cmake /workspace/src/aimee_msgs -DAMENT_CMAKE_SYMLINK_INSTALL=1 -DCMAKE_INSTALL_PREFIX=/workspace/install/aimee_msgs
