running develop
running egg_info
creating aimee_tts.egg-info
writing aimee_tts.egg-info/PKG-INFO
writing dependency_links to aimee_tts.egg-info/dependency_links.txt
writing entry points to aimee_tts.egg-info/entry_points.txt
writing requirements to aimee_tts.egg-info/requires.txt
writing top-level names to aimee_tts.egg-info/top_level.txt
writing manifest file 'aimee_tts.egg-info/SOURCES.txt'
reading manifest file 'aimee_tts.egg-info/SOURCES.txt'
writing manifest file 'aimee_tts.egg-info/SOURCES.txt'
running build_ext
Creating /workspace/install/aimee_tts/lib/python3.10/site-packages/aimee-tts.egg-link (link to .)
Installing tts_node script to /workspace/install/aimee_tts/lib/aimee_tts

Installed /workspace/build/aimee_tts
running symlink_data
creating /workspace/install/aimee_tts/share/ament_index
creating /workspace/install/aimee_tts/share/ament_index/resource_index
creating /workspace/install/aimee_tts/share/ament_index/resource_index/packages
symbolically linking /workspace/build/aimee_tts/resource/aimee_tts -> /workspace/install/aimee_tts/share/ament_index/resource_index/packages
symbolically linking /workspace/build/aimee_tts/package.xml -> /workspace/install/aimee_tts/share/aimee_tts
creating /workspace/install/aimee_tts/share/aimee_tts/config
symbolically linking /workspace/build/aimee_tts/config/brick_config.yaml -> /workspace/install/aimee_tts/share/aimee_tts/config
