[4.455s] Invoking command in '/workspace/build/aimee_tts': PYTHONPATH=/workspace/build/aimee_tts/prefix_override:/usr/lib/python3/dist-packages/colcon_core/task/python/colcon_distutils_commands:/workspace/install/aimee_tts/lib/python3.10/site-packages:${PYTHONPATH} /usr/bin/python3 -W ignore:setup.py install is deprecated -W ignore:easy_install command is deprecated setup.py develop --editable --build-directory /workspace/build/aimee_tts/build --no-deps symlink_data
[6.170s] running develop
[6.957s] running egg_info
[6.958s] creating aimee_tts.egg-info
[6.959s] writing aimee_tts.egg-info/PKG-INFO
[6.960s] writing dependency_links to aimee_tts.egg-info/dependency_links.txt
[6.962s] writing entry points to aimee_tts.egg-info/entry_points.txt
[6.963s] writing requirements to aimee_tts.egg-info/requires.txt
[6.964s] writing top-level names to aimee_tts.egg-info/top_level.txt
[6.965s] writing manifest file 'aimee_tts.egg-info/SOURCES.txt'
[6.975s] reading manifest file 'aimee_tts.egg-info/SOURCES.txt'
[6.979s] writing manifest file 'aimee_tts.egg-info/SOURCES.txt'
[6.990s] running build_ext
[6.992s] Creating /workspace/install/aimee_tts/lib/python3.10/site-packages/aimee-tts.egg-link (link to .)
[6.999s] Installing tts_node script to /workspace/install/aimee_tts/lib/aimee_tts
[7.002s] 
[7.004s] Installed /workspace/build/aimee_tts
[7.005s] running symlink_data
[7.006s] creating /workspace/install/aimee_tts/share/ament_index
[7.009s] creating /workspace/install/aimee_tts/share/ament_index/resource_index
[7.010s] creating /workspace/install/aimee_tts/share/ament_index/resource_index/packages
[7.011s] symbolically linking /workspace/build/aimee_tts/resource/aimee_tts -> /workspace/install/aimee_tts/share/ament_index/resource_index/packages
[7.011s] symbolically linking /workspace/build/aimee_tts/package.xml -> /workspace/install/aimee_tts/share/aimee_tts
[7.013s] creating /workspace/install/aimee_tts/share/aimee_tts/config
[7.014s] symbolically linking /workspace/build/aimee_tts/config/brick_config.yaml -> /workspace/install/aimee_tts/share/aimee_tts/config
